  Transition system    : Projective
  Parser configuration : Stack
  Feature model        : eng-liblinear.xml
  Classifier           : liblinear
  Data Format          : /engmalt.linear-1.7/conllx.xml
Parsing time: 00:00:32 (32599 ms)
  Transition system    : Projective
  Parser configuration : Stack
  Feature model        : eng-liblinear.xml
  Classifier           : liblinear
  Data Format          : /engmalt.linear-1.7/conllx.xml
  Transition system    : Projective
  Parser configuration : Stack
  Feature model        : eng-liblinear.xml
  Classifier           : liblinear
  Data Format          : /engmalt.linear-1.7/conllx.xml
Parsing time: 00:00:32 (32090 ms)
  Transition system    : Projective
  Parser configuration : Stack
  Feature model        : eng-liblinear.xml
  Classifier           : liblinear
  Data Format          : /engmalt.linear-1.7/conllx.xml
Parsing time: 00:00:33 (33110 ms)
  Transition system    : Projective
  Parser configuration : Stack
  Feature model        : eng-liblinear.xml
  Classifier           : liblinear
  Data Format          : /engmalt.linear-1.7/conllx.xml
Parsing time: 00:00:33 (33431 ms)
  Transition system    : Projective
  Parser configuration : Stack
  Feature model        : eng-liblinear.xml
  Classifier           : liblinear
  Data Format          : /engmalt.linear-1.7/conllx.xml
Parsing time: 00:03:11 (191567 ms)
  Transition system    : Projective
  Parser configuration : Stack
  Feature model        : eng-liblinear.xml
  Classifier           : liblinear
  Data Format          : /engmalt.linear-1.7/conllx.xml
Parsing time: 00:00:31 (31802 ms)
  Transition system    : Projective
  Parser configuration : Stack
  Feature model        : eng-liblinear.xml
  Classifier           : liblinear
  Data Format          : /engmalt.linear-1.7/conllx.xml
Parsing time: 00:00:33 (33853 ms)
  Transition system    : Projective
  Parser configuration : Stack
  Feature model        : eng-liblinear.xml
  Classifier           : liblinear
  Data Format          : /engmalt.linear-1.7/conllx.xml
  Transition system    : Projective
  Parser configuration : Stack
  Feature model        : eng-liblinear.xml
  Classifier           : liblinear
  Data Format          : /engmalt.linear-1.7/conllx.xml
  Transition system    : Projective
  Parser configuration : Stack
  Feature model        : eng-liblinear.xml
  Classifier           : liblinear
  Data Format          : /engmalt.linear-1.7/conllx.xml
  Transition system    : Projective
  Parser configuration : Stack
  Feature model        : eng-liblinear.xml
  Classifier           : liblinear
  Data Format          : /engmalt.linear-1.7/conllx.xml
  Transition system    : Projective
  Parser configuration : Stack
  Feature model        : eng-liblinear.xml
  Classifier           : liblinear
  Data Format          : /engmalt.linear-1.7/conllx.xml
  Transition system    : Projective
  Parser configuration : Stack
  Feature model        : eng-liblinear.xml
  Classifier           : liblinear
  Data Format          : /engmalt.linear-1.7/conllx.xml
Parsing time: 00:03:14 (194530 ms)
  Transition system    : Projective
  Parser configuration : Stack
  Feature model        : eng-liblinear.xml
  Classifier           : liblinear
  Data Format          : /engmalt.linear-1.7/conllx.xml
Parsing time: 00:00:31 (31445 ms)
  Transition system    : Projective
  Parser configuration : Stack
  Feature model        : eng-liblinear.xml
  Classifier           : liblinear
  Data Format          : /engmalt.linear-1.7/conllx.xml
Parsing time: 00:02:25 (145875 ms)
  Transition system    : Projective
  Parser configuration : Stack
  Feature model        : eng-liblinear.xml
  Classifier           : liblinear
  Data Format          : /engmalt.linear-1.7/conllx.xml
Parsing time: 00:02:26 (146004 ms)
  Transition system    : Projective
  Parser configuration : Stack
  Feature model        : eng-liblinear.xml
  Classifier           : liblinear
  Data Format          : /engmalt.linear-1.7/conllx.xml
Parsing time: 00:02:37 (157854 ms)
  Transition system    : Projective
  Parser configuration : Stack
  Feature model        : eng-liblinear.xml
  Classifier           : liblinear
  Data Format          : /engmalt.linear-1.7/conllx.xml
Parsing time: 00:02:39 (159681 ms)
  Transition system    : Projective
  Parser configuration : Stack
  Feature model        : eng-liblinear.xml
  Classifier           : liblinear
  Data Format          : /engmalt.linear-1.7/conllx.xml
Parsing time: 00:00:54 (54917 ms)
  Transition system    : Projective
  Parser configuration : Stack
  Feature model        : eng-liblinear.xml
  Classifier           : liblinear
  Data Format          : /engmalt.linear-1.7/conllx.xml
  Transition system    : Projective
  Parser configuration : Stack
  Feature model        : eng-liblinear.xml
  Classifier           : liblinear
  Data Format          : /engmalt.linear-1.7/conllx.xml
  Transition system    : Projective
  Parser configuration : Stack
  Feature model        : eng-liblinear.xml
  Classifier           : liblinear
  Data Format          : /engmalt.linear-1.7/conllx.xml
Parsing time: 00:03:28 (208308 ms)
  Transition system    : Projective
  Parser configuration : Stack
  Feature model        : eng-liblinear.xml
  Classifier           : liblinear
  Data Format          : /engmalt.linear-1.7/conllx.xml
Parsing time: 00:01:31 (91376 ms)
  Transition system    : Projective
  Parser configuration : Stack
  Feature model        : eng-liblinear.xml
  Classifier           : liblinear
  Data Format          : /engmalt.linear-1.7/conllx.xml
  Transition system    : Projective
  Parser configuration : Stack
  Feature model        : eng-liblinear.xml
  Classifier           : liblinear
  Data Format          : /engmalt.linear-1.7/conllx.xml
Parsing time: 00:01:20 (80984 ms)
  Transition system    : Projective
  Parser configuration : Stack
  Feature model        : eng-liblinear.xml
  Classifier           : liblinear
  Data Format          : /engmalt.linear-1.7/conllx.xml
Parsing time: 00:02:12 (132453 ms)
  Transition system    : Projective
  Parser configuration : Stack
  Feature model        : eng-liblinear.xml
  Classifier           : liblinear
  Data Format          : /engmalt.linear-1.7/conllx.xml
  Transition system    : Projective
  Parser configuration : Stack
  Feature model        : eng-liblinear.xml
  Classifier           : liblinear
  Data Format          : /engmalt.linear-1.7/conllx.xml
Parsing time: 00:02:12 (132421 ms)
  Transition system    : Projective
  Parser configuration : Stack
  Feature model        : eng-liblinear.xml
  Classifier           : liblinear
  Data Format          : /engmalt.linear-1.7/conllx.xml
Parsing time: 00:02:16 (136079 ms)
  Transition system    : Projective
  Parser configuration : Stack
  Feature model        : eng-liblinear.xml
  Classifier           : liblinear
  Data Format          : /engmalt.linear-1.7/conllx.xml
Parsing time: 00:02:13 (133155 ms)
  Transition system    : Projective
  Parser configuration : Stack
  Feature model        : eng-liblinear.xml
  Classifier           : liblinear
  Data Format          : /engmalt.linear-1.7/conllx.xml
Parsing time: 00:02:14 (134549 ms)
  Transition system    : Projective
  Parser configuration : Stack
  Feature model        : eng-liblinear.xml
  Classifier           : liblinear
  Data Format          : /engmalt.linear-1.7/conllx.xml
Parsing time: 00:02:16 (136676 ms)
  Transition system    : Projective
  Parser configuration : Stack
  Feature model        : eng-liblinear.xml
  Classifier           : liblinear
  Data Format          : /engmalt.linear-1.7/conllx.xml
Parsing time: 00:01:59 (119175 ms)
  Transition system    : Projective
  Parser configuration : Stack
  Feature model        : eng-liblinear.xml
  Classifier           : liblinear
  Data Format          : /engmalt.linear-1.7/conllx.xml
Parsing time: 00:00:07 (7148 ms)
  Transition system    : Projective
  Parser configuration : Stack
  Feature model        : eng-liblinear.xml
  Classifier           : liblinear
  Data Format          : /engmalt.linear-1.7/conllx.xml
Parsing time: 00:02:23 (143927 ms)
  Transition system    : Projective
  Parser configuration : Stack
  Feature model        : eng-liblinear.xml
  Classifier           : liblinear
  Data Format          : /engmalt.linear-1.7/conllx.xml
Parsing time: 00:02:26 (146425 ms)
  Transition system    : Projective
  Parser configuration : Stack
  Feature model        : eng-liblinear.xml
  Classifier           : liblinear
  Data Format          : /engmalt.linear-1.7/conllx.xml
Parsing time: 00:02:28 (148043 ms)
  Transition system    : Projective
  Parser configuration : Stack
  Feature model        : eng-liblinear.xml
  Classifier           : liblinear
  Data Format          : /engmalt.linear-1.7/conllx.xml
Parsing time: 00:02:20 (140811 ms)
  Transition system    : Projective
  Parser configuration : Stack
  Feature model        : eng-liblinear.xml
  Classifier           : liblinear
  Data Format          : /engmalt.linear-1.7/conllx.xml
Parsing time: 00:02:18 (138616 ms)
  Transition system    : Projective
  Parser configuration : Stack
  Feature model        : eng-liblinear.xml
  Classifier           : liblinear
  Data Format          : /engmalt.linear-1.7/conllx.xml
Parsing time: 00:02:24 (144513 ms)
  Transition system    : Projective
  Parser configuration : Stack
  Feature model        : eng-liblinear.xml
  Classifier           : liblinear
  Data Format          : /engmalt.linear-1.7/conllx.xml
Parsing time: 00:02:25 (145817 ms)
  Transition system    : Projective
  Parser configuration : Stack
  Feature model        : eng-liblinear.xml
  Classifier           : liblinear
  Data Format          : /engmalt.linear-1.7/conllx.xml
Parsing time: 00:02:15 (135808 ms)
  Transition system    : Projective
  Parser configuration : Stack
  Feature model        : eng-liblinear.xml
  Classifier           : liblinear
  Data Format          : /engmalt.linear-1.7/conllx.xml
Parsing time: 00:02:20 (140224 ms)
  Transition system    : Projective
  Parser configuration : Stack
  Feature model        : eng-liblinear.xml
  Classifier           : liblinear
  Data Format          : /engmalt.linear-1.7/conllx.xml
Parsing time: 00:00:00 (196 ms)
  Transition system    : Projective
  Parser configuration : Stack
  Feature model        : eng-liblinear.xml
  Classifier           : liblinear
  Data Format          : /engmalt.linear-1.7/conllx.xml
Parsing time: 00:00:08 (8435 ms)
  Transition system    : Projective
  Parser configuration : Stack
  Feature model        : eng-liblinear.xml
  Classifier           : liblinear
  Data Format          : /engmalt.linear-1.7/conllx.xml
Parsing time: 00:00:08 (8121 ms)
  Transition system    : Projective
  Parser configuration : Stack
  Feature model        : eng-liblinear.xml
  Classifier           : liblinear
  Data Format          : /engmalt.linear-1.7/conllx.xml
Parsing time: 00:00:08 (8351 ms)
  Transition system    : Projective
  Parser configuration : Stack
  Feature model        : eng-liblinear.xml
  Classifier           : liblinear
  Data Format          : /engmalt.linear-1.7/conllx.xml
Parsing time: 00:00:08 (8021 ms)
  Transition system    : Projective
  Parser configuration : Stack
  Feature model        : eng-liblinear.xml
  Classifier           : liblinear
  Data Format          : /engmalt.linear-1.7/conllx.xml
Parsing time: 00:00:08 (8184 ms)
  Transition system    : Projective
  Parser configuration : Stack
  Feature model        : eng-liblinear.xml
  Classifier           : liblinear
  Data Format          : /engmalt.linear-1.7/conllx.xml
Parsing time: 00:00:08 (8103 ms)
  Transition system    : Projective
  Parser configuration : Stack
  Feature model        : eng-liblinear.xml
  Classifier           : liblinear
  Data Format          : /engmalt.linear-1.7/conllx.xml
Parsing time: 00:00:08 (8690 ms)
  Transition system    : Projective
  Parser configuration : Stack
  Feature model        : eng-liblinear.xml
  Classifier           : liblinear
  Data Format          : /engmalt.linear-1.7/conllx.xml
Parsing time: 00:00:08 (8579 ms)
  Transition system    : Projective
  Parser configuration : Stack
  Feature model        : eng-liblinear.xml
  Classifier           : liblinear
  Data Format          : /engmalt.linear-1.7/conllx.xml
Parsing time: 00:00:07 (7622 ms)
  Transition system    : Projective
  Parser configuration : Stack
  Feature model        : eng-liblinear.xml
  Classifier           : liblinear
  Data Format          : /engmalt.linear-1.7/conllx.xml
Parsing time: 00:00:07 (7572 ms)
  Transition system    : Projective
  Parser configuration : Stack
  Feature model        : eng-liblinear.xml
  Classifier           : liblinear
  Data Format          : /engmalt.linear-1.7/conllx.xml
Parsing time: 00:00:08 (8909 ms)
  Transition system    : Projective
  Parser configuration : Stack
  Feature model        : eng-liblinear.xml
  Classifier           : liblinear
  Data Format          : /engmalt.linear-1.7/conllx.xml
Parsing time: 00:00:08 (8931 ms)
  Transition system    : Projective
  Parser configuration : Stack
  Feature model        : eng-liblinear.xml
  Classifier           : liblinear
  Data Format          : /engmalt.linear-1.7/conllx.xml
Parsing time: 00:00:08 (8938 ms)
  Transition system    : Projective
  Parser configuration : Stack
  Feature model        : eng-liblinear.xml
  Classifier           : liblinear
  Data Format          : /engmalt.linear-1.7/conllx.xml
Parsing time: 00:01:18 (78640 ms)
  Transition system    : Projective
  Parser configuration : Stack
  Feature model        : eng-liblinear.xml
  Classifier           : liblinear
  Data Format          : /engmalt.linear-1.7/conllx.xml
Parsing time: 00:01:15 (75612 ms)
  Transition system    : Projective
  Parser configuration : Stack
  Feature model        : eng-liblinear.xml
  Classifier           : liblinear
  Data Format          : /engmalt.linear-1.7/conllx.xml
  Transition system    : Projective
  Parser configuration : Stack
  Feature model        : eng-liblinear.xml
  Classifier           : liblinear
  Data Format          : /engmalt.linear-1.7/conllx.xml
  Transition system    : Projective
  Parser configuration : Stack
  Feature model        : eng-liblinear.xml
  Classifier           : liblinear
  Data Format          : /engmalt.linear-1.7/conllx.xml
Parsing time: 00:29:06 (1746739 ms)
